[21:27:23] [main/INFO]: Loading Minecraft 1.21.1 with Fabric Loader 0.16.3
[21:27:23] [ForkJoinPool-1-worker-2/WARN]: The mod "dungeons_arise" contains invalid entries in its mod json:
- Unsupported root entry "credits" at line 12 column 11
[21:27:23] [main/WARN]: Mod resolution failed
[21:27:23] [main/INFO]: Immediate reason: [HARD_DEP_NO_CANDIDATE fabric-language-kotlin 1.13.2+kotlin.2.1.20 {depends fabricloader @ [>=0.16.9]}, ROOT_FORCELOAD_SINGLE fabric-language-kotlin 1.13.2+kotlin.2.1.20]
[21:27:23] [main/INFO]: Reason: [HARD_DEP fabric-language-kotlin 1.13.2+kotlin.2.1.20 {depends fabricloader @ [>=0.16.9]}, HARD_DEP monolib 2.0.0 {depends fabricloader @ [>=0.16.10]}]
[21:27:23] [main/INFO]: SERVER environment disabled: [fabric-renderer-api-v1, entity_model_features, fabric-keybindings-v0, entity_texture_features, libipn, ambientsounds, sodium-extra, wi_zoom, fabric-screen-api-v1, fabric-renderer-indigo, fabric-sound-api-v1, fabric-rendering-v0, fabric-rendering-v1, fabric-key-binding-api-v1, fabric-model-loading-api-v1, betterthirdperson, terrestria-client, iris, indium, continuity, fabric-client-tags-api-v1, inventoryprofilesnext, visuality, fabric-blockrenderlayer-v1, sodium, fabric-renderer-registries-v1]
[21:27:23] [main/INFO]: Fix: add [], remove [], replace [[fabricloader 0.16.3] -> add:fabricloader 0.16.10 ([[0.16.10,∞)])]
[21:27:23] [main/ERROR]: Incompatible mods found!
net.fabricmc.loader.impl.FormattedException: Some of your mods are incompatible with the game or each other!
A potential solution has been determined, this may resolve your problem:
	 - Replace mod 'Fabric Loader' (fabricloader) 0.16.3 with version 0.16.10 or later.
More details:
	 - Mod 'Fabric Language Kotlin' (fabric-language-kotlin) 1.13.2+kotlin.2.1.20 requires version 0.16.9 or later of mod 'Fabric Loader' (fabricloader), but only the wrong version is present: 0.16.3!
	 - Mod 'MonoLib' (monolib) 2.0.0 requires version 0.16.10 or later of mod 'Fabric Loader' (fabricloader), but only the wrong version is present: 0.16.3!
	at net.fabricmc.loader.impl.FormattedException.ofLocalized(FormattedException.java:51) ~[fabric-loader-0.16.3.jar:?]
	at net.fabricmc.loader.impl.FabricLoaderImpl.load(FabricLoaderImpl.java:196) ~[fabric-loader-0.16.3.jar:?]
	at net.fabricmc.loader.impl.launch.knot.Knot.init(Knot.java:146) ~[fabric-loader-0.16.3.jar:?]
	at net.fabricmc.loader.impl.launch.knot.Knot.launch(Knot.java:68) [fabric-loader-0.16.3.jar:?]
	at net.fabricmc.loader.impl.launch.knot.KnotServer.main(KnotServer.java:23) [fabric-loader-0.16.3.jar:?]
	at net.fabricmc.loader.impl.launch.server.FabricServerLauncher.main(FabricServerLauncher.java:69) [fabric-loader-0.16.3.jar:?]
	at net.fabricmc.installer.ServerLauncher.main(ServerLauncher.java:69) [fabric-server-launch.jar:1.0.1]
